
HyperPartition:
 ----+----|----+----|----+----|----+----|----+----|
  1: +-oooooooo------ooooooooo--ooooo----oo------------ 1.TK {4596}  
  2: ++---ooooo------ooooooooo--ooooo----oo------------ 2.FPVR_TK {386}  
  3: +++--ooooo------ooooooooo--ooooo----oo------------ 3.Ret_TK (335)  
  4: ++-+-ooooo------ooooooooo--ooooo----oo------------ 4.FGFR_TK (1065)  
  5: ++--+-----------ooooooooo--ooooo----oo------------ 5.PVR_TK {5}  
  6: ++--++----------ooooooooo--ooooo----oo------------ 6.VEGFR_TK (980)  
  7: ++--+-+---------ooooooooo--ooooo----oo------------ 7.PDGFR_TK (481)  
  8: ++--+--+--------ooooooooo--ooooo----oo------------ 8.Kit_TK (386)  
  9: ++--+---+-------ooooooooo--ooooo----oo------------ 9.CSF1R_TK (396)  
 10: ++--+----+------ooooooooo--ooooo----oo------------ 10.Flt3_TK (329)  
 11: +-oooooooo+-----ooooooooo--ooooo----oo------------ 11.Tie_TK (253)  
 12: +-oooooooo-+----ooooooooo--ooooo----oo------------ 12.EGFR_TK (1006)  
 13: +-oooooooo--+---ooooooooo--ooooo----oo------------ 13.Axl_TK (622)  
 14: +-oooooooo---+--ooooooooo--ooooo----oo------------ 14.Met_TK (606)  
 15: +-oooooooo----+-ooooooooo--ooooo----oo------------ 15.Ryk_TK (520)  
 16: +-oooooooo-----+-----------ooooo----oo------------ 16.InsRL_TK {457}  
 17: +-oooooooo-----++----------ooooo----oo------------ 17.Ror_TK (758)  
 18: +-oooooooo-----+-+---------ooooo----oo------------ 18.Trk_TK (649)  
 19: +-oooooooo-----+--+--------ooooo----oo------------ 19.Musk_TK (394)  
 20: +-oooooooo-----+---+-------ooooo----oo------------ 20.DDR_TK (921)  
 21: +-oooooooo-----+----+------ooooo----oo------------ 21.InsR_TK (985)  
 22: +-oooooooo-----+-----+-----ooooo----oo------------ 22.Sev_TK (454)  
 23: +-oooooooo-----+------+----ooooo----oo------------ 23.ALK_TK (593)  
 24: +-oooooooo-----+-------+---ooooo----oo------------ 24.CCK4_TK (429)  
 25: +-oooooooo-----+--------+--ooooo----oo------------ 25.Lmr_TK (695)  
 26: +-oooooooo------ooooooooo+-ooooo----oo------------ 26.Eph_TK (2906)  
 27: +-oooooooo------ooooooooo-+---------oo------------ 27.SrcM_TK {289}  
 28: +-oooooooo------ooooooooo-++--------oo------------ 28.SrcA_Src_TK (836)  
 29: +-oooooooo------ooooooooo-+-+-------oo------------ 29.SrcB_Src_TK (956)  
 30: +-oooooooo------ooooooooo-+--+------oo------------ 30.Frk_Src_TK (484)  
 31: +-oooooooo------ooooooooo-+---+-----oo------------ 31.Tec_TK (1362)  
 32: +-oooooooo------ooooooooo-+----+----oo------------ 32.Abl_TK (389)  
 33: +-oooooooo------ooooooooo--ooooo+---oo------------ 33.SRM_Src_TK (304)  
 34: +-oooooooo------ooooooooo--ooooo-+--oo------------ 34.Src-Aque1_Src_TK (22)  
 35: +-oooooooo------ooooooooo--ooooo--+-oo------------ 35.Csk_TK (693)  
 36: +-oooooooo------ooooooooo--ooooo---+-------------- 36.Fer_TK {397}  
 37: +-oooooooo------ooooooooo--ooooo---++------------- 37.other-Fer_TK (625)  
 38: +-oooooooo------ooooooooo--ooooo---+-+------------ 38.nematode-Fer_TK (323)  
 39: +-oooooooo------ooooooooo--ooooo----oo+----------- 39.FAK_TK (715)  
 40: +-oooooooo------ooooooooo--ooooo----oo-+---------- 40.Syk_TK (638)  
 41: +-oooooooo------ooooooooo--ooooo----oo--+--------- 41.Jak_TK (1063)  
 42: +-oooooooo------ooooooooo--ooooo----oo---+-------- 42.JakB_TK (1063)  
 43: +-oooooooo------ooooooooo--ooooo----oo----+------- 43.Ack_TK (845)  
 44: +-oooooooo------ooooooooo--ooooo----oo-----+------ 44.STYK1_TK (407)  
 45: +-oooooooo------ooooooooo--ooooo----oo------+----- 45.TK-Sp1_TK (61)  
 46: +-oooooooo------ooooooooo--ooooo----oo-------+---- 46.HMTK_TK (28)  
 47: +-oooooooo------ooooooooo--ooooo----oo--------+--- 47.KIN16_TK (112)  
 48: +-oooooooo------ooooooooo--ooooo----oo---------+-- 48.KIN6_TK (105)  
 49: +-oooooooo------ooooooooo--ooooo----oo----------+- 49.REF_TK (720)  
 50: +-oooooooo------ooooooooo--ooooo----oo-----------+ 50.RTKC_TK (16)  
 51: -ooooooooooooooooooooooooooooooooooooooooooooooooo Rejected (109)
 ----+----|----+----|----+----|----+----|----+----|

 Column LPRs:
 1.TK: (33660 11366  seqs)(139586)(25 cols)  
 2.FPVR_TK: (4363 29297  seqs)(9707.28)(25 cols)  
 3.Ret_TK: (335 4028  seqs)(1401.18)(25 cols)  
 4.FGFR_TK: (1065 3298  seqs)(2257.41)(25 cols)  
 5.PVR_TK: (2577 1786  seqs)(2315.25)(25 cols)  
 6.VEGFR_TK: (980 1597  seqs)(1736)(25 cols)  
 7.PDGFR_TK: (481 2096  seqs)(1324.46)(25 cols)  
 8.Kit_TK: (386 2191  seqs)(848.395)(25 cols)  
 9.CSF1R_TK: (396 2181  seqs)(663.653)(25 cols)  
10.Flt3_TK: (329 2248  seqs)(1035.24)(25 cols)  
11.Tie_TK: (253 33407  seqs)(1849.51)(25 cols)  
12.EGFR_TK: (1006 32654  seqs)(5407.24)(25 cols)  
13.Axl_TK: (622 33038  seqs)(3451.4)(25 cols)  
14.Met_TK: (606 33054  seqs)(2411.08)(25 cols)  
15.Ryk_TK: (520 33140  seqs)(6077.38)(25 cols)  
16.InsRL_TK: (6335 27325  seqs)(8074.02)(25 cols)  
17.Ror_TK: (758 5577  seqs)(2687.02)(25 cols)  
18.Trk_TK: (649 5686  seqs)(2416.22)(25 cols)  
19.Musk_TK: (394 5941  seqs)(1724.93)(25 cols)  
20.DDR_TK: (921 5414  seqs)(2749.83)(25 cols)  
21.InsR_TK: (985 5350  seqs)(3367.69)(25 cols)  
22.Sev_TK: (454 5881  seqs)(1343.13)(25 cols)  
23.ALK_TK: (593 5742  seqs)(2901.28)(25 cols)  
24.CCK4_TK: (429 5906  seqs)(2663.55)(25 cols)  
25.Lmr_TK: (695 5640  seqs)(6287.47)(25 cols)  
26.Eph_TK: (2906 30754  seqs)(8919.46)(25 cols)  
27.SrcM_TK: (4316 29344  seqs)(9067.91)(25 cols)  
28.SrcA_Src_TK: (836 3480  seqs)(1752.27)(25 cols)  
29.SrcB_Src_TK: (956 3360  seqs)(1794.5)(25 cols)  
30.Frk_Src_TK: (484 3832  seqs)(736.077)(25 cols)  
31.Tec_TK: (1362 2954  seqs)(3046.64)(25 cols)  
32.Abl_TK: (389 3927  seqs)(1586.28)(25 cols)  
33.SRM_Src_TK: (304 33356  seqs)(1691.26)(25 cols)  
34.Src-Aque1_Src_TK: (22 33638  seqs)(727.701)(25 cols)  
35.Csk_TK: (693 32967  seqs)(2487.33)(25 cols)  
36.Fer_TK: (1345 32315  seqs)(2665.76)(25 cols)  
37.other-Fer_TK: (625 720  seqs)(1671.95)(25 cols)  
38.nematode-Fer_TK: (323 1022  seqs)(269.096)(25 cols)  
39.FAK_TK: (715 32945  seqs)(3270.81)(25 cols)  
40.Syk_TK: (638 33022  seqs)(3152.68)(25 cols)  
41.Jak_TK: (1063 32597  seqs)(6579.18)(25 cols)  
42.JakB_TK: (1063 32597  seqs)(12596.6)(25 cols)  
43.Ack_TK: (845 32815  seqs)(3124.65)(25 cols)  
44.STYK1_TK: (407 33253  seqs)(4248.98)(25 cols)  
45.TK-Sp1_TK: (61 33599  seqs)(332.109)(25 cols)  
46.HMTK_TK: (28 33632  seqs)(191.404)(25 cols)  
47.KIN16_TK: (112 33548  seqs)(651.631)(25 cols)  
48.KIN6_TK: (105 33555  seqs)(485.102)(25 cols)  
49.REF_TK: (720 32940  seqs)(875.204)(25 cols)  
50.RTKC_TK: (16 33644  seqs)(121.011)(25 cols)  
 ====== Total LLR = 286332.6187 (300.0 K) (0/50 failed) ======

