
HyperPartition:
 ----+----|----+----|----+----|----+----|----+----|
  1: +-oooooooo------ooooooooo--ooooo----oo------------ 1.TK {3938}  
  2: ++---ooooo------ooooooooo--ooooo----oo------------ 2.FPVR_TK {592}  
  3: +++--ooooo------ooooooooo--ooooo----oo------------ 3.Ret_TK (324)  
  4: ++-+-ooooo------ooooooooo--ooooo----oo------------ 4.FGFR_TK (1050)  
  5: ++--+-----------ooooooooo--ooooo----oo------------ 5.PVR_TK {237}  
  6: ++--++----------ooooooooo--ooooo----oo------------ 6.VEGFR_TK (979)  
  7: ++--+-+---------ooooooooo--ooooo----oo------------ 7.PDGFR_TK (501)  
  8: ++--+--+--------ooooooooo--ooooo----oo------------ 8.Kit_TK (381)  
  9: ++--+---+-------ooooooooo--ooooo----oo------------ 9.CSF1R_TK (340)  
 10: ++--+----+------ooooooooo--ooooo----oo------------ 10.Flt3_TK (323)  
 11: +-oooooooo+-----ooooooooo--ooooo----oo------------ 11.Tie_TK (253)  
 12: +-oooooooo-+----ooooooooo--ooooo----oo------------ 12.EGFR_TK (1031)  
 13: +-oooooooo--+---ooooooooo--ooooo----oo------------ 13.Axl_TK (678)  
 14: +-oooooooo---+--ooooooooo--ooooo----oo------------ 14.Met_TK (606)  
 15: +-oooooooo----+-ooooooooo--ooooo----oo------------ 15.Ryk_TK (515)  
 16: +-oooooooo-----+-----------ooooo----oo------------ 16.InsRL_TK {807}  
 17: +-oooooooo-----++----------ooooo----oo------------ 17.Ror_TK (759)  
 18: +-oooooooo-----+-+---------ooooo----oo------------ 18.Trk_TK (644)  
 19: +-oooooooo-----+--+--------ooooo----oo------------ 19.Musk_TK (394)  
 20: +-oooooooo-----+---+-------ooooo----oo------------ 20.DDR_TK (903)  
 21: +-oooooooo-----+----+------ooooo----oo------------ 21.InsR_TK (980)  
 22: +-oooooooo-----+-----+-----ooooo----oo------------ 22.Sev_TK (414)  
 23: +-oooooooo-----+------+----ooooo----oo------------ 23.ALK_TK (585)  
 24: +-oooooooo-----+-------+---ooooo----oo------------ 24.CCK4_TK (453)  
 25: +-oooooooo-----+--------+--ooooo----oo------------ 25.Lmr_TK (798)  
 26: +-oooooooo------ooooooooo+-ooooo----oo------------ 26.Eph_TK (2932)  
 27: +-oooooooo------ooooooooo-+---------oo------------ 27.SrcM_TK {916}  
 28: +-oooooooo------ooooooooo-++--------oo------------ 28.SrcA_Src_TK (796)  
 29: +-oooooooo------ooooooooo-+-+-------oo------------ 29.SrcB_Src_TK (897)  
 30: +-oooooooo------ooooooooo-+--+------oo------------ 30.Frk_Src_TK (323)  
 31: +-oooooooo------ooooooooo-+---+-----oo------------ 31.Tec_TK (1345)  
 32: +-oooooooo------ooooooooo-+----+----oo------------ 32.Abl_TK (406)  
 33: +-oooooooo------ooooooooo--ooooo+---oo------------ 33.SRM_Src_TK (272)  
 34: +-oooooooo------ooooooooo--ooooo-+--oo------------ 34.Src-Aque1_Src_TK (22)  
 35: +-oooooooo------ooooooooo--ooooo--+-oo------------ 35.Csk_TK (684)  
 36: +-oooooooo------ooooooooo--ooooo---+-------------- 36.Fer_TK {608}  
 37: +-oooooooo------ooooooooo--ooooo---++------------- 37.other-Fer_TK (643)  
 38: +-oooooooo------ooooooooo--ooooo---+-+------------ 38.nematode-Fer_TK (265)  
 39: +-oooooooo------ooooooooo--ooooo----oo+----------- 39.FAK_TK (710)  
 40: +-oooooooo------ooooooooo--ooooo----oo-+---------- 40.Syk_TK (686)  
 41: +-oooooooo------ooooooooo--ooooo----oo--+--------- 41.Jak_TK (1068)  
 42: +-oooooooo------ooooooooo--ooooo----oo---+-------- 42.JakB_TK (1063)  
 43: +-oooooooo------ooooooooo--ooooo----oo----+------- 43.Ack_TK (835)  
 44: +-oooooooo------ooooooooo--ooooo----oo-----+------ 44.STYK1_TK (404)  
 45: +-oooooooo------ooooooooo--ooooo----oo------+----- 45.TK-Sp1_TK (46)  
 46: +-oooooooo------ooooooooo--ooooo----oo-------+---- 46.HMTK_TK (29)  
 47: +-oooooooo------ooooooooo--ooooo----oo--------+--- 47.KIN16_TK (106)  
 48: +-oooooooo------ooooooooo--ooooo----oo---------+-- 48.KIN6_TK (112)  
 49: +-oooooooo------ooooooooo--ooooo----oo----------+- 49.REF_TK (97)  
 50: +-oooooooo------ooooooooo--ooooo----oo-----------+ 50.RTKC_TK (19)  
 51: -ooooooooooooooooooooooooooooooooooooooooooooooooo Rejected (0)
 ----+----|----+----|----+----|----+----|----+----|

 Column LPRs:
 1: (33769 11257  seqs)(127189)(25 cols)  
 2: (4727 29042  seqs)(3538.37)(25 cols)  
 3: (324 4403  seqs)(999.627)(25 cols)  
 4: (1050 3677  seqs)(1580.56)(25 cols)  
 5: (2761 1966  seqs)(249.787)(25 cols)  
 6: (979 1782  seqs)(1413.04)(25 cols)  
 7: (501 2260  seqs)(1098.45)(25 cols)  
 8: (381 2380  seqs)(661.249)(25 cols)  
 9: (340 2421  seqs)(443.255)(25 cols)  
10: (323 2438  seqs)(914.017)(25 cols)  
11: (253 33516  seqs)(1776.29)(25 cols)  
12: (1031 32738  seqs)(4454.41)(25 cols)  
13: (678 33091  seqs)(3167.33)(25 cols)  
14: (606 33163  seqs)(2267.56)(25 cols)  
15: (515 33254  seqs)(4571.58)(25 cols)  
16: (6737 27032  seqs)(-3699.83)(25 cols) x
17: (759 5978  seqs)(2098.26)(25 cols)  
18: (644 6093  seqs)(2127.14)(25 cols)  
19: (394 6343  seqs)(1453.91)(25 cols)  
20: (903 5834  seqs)(1929.84)(25 cols)  
21: (980 5757  seqs)(2727)(25 cols)  
22: (414 6323  seqs)(815.872)(25 cols)  
23: (585 6152  seqs)(2496.78)(25 cols)  
24: (453 6284  seqs)(1277.68)(25 cols)  
25: (798 5939  seqs)(3395.21)(25 cols)  
26: (2932 30837  seqs)(6834.41)(25 cols)  
27: (4683 29086  seqs)(4237.46)(25 cols)  
28: (796 3887  seqs)(1429.5)(25 cols)  
29: (897 3786  seqs)(1369.82)(25 cols)  
30: (323 4360  seqs)(123.412)(25 cols)  
31: (1345 3338  seqs)(2262.55)(25 cols)  
32: (406 4277  seqs)(1375.68)(25 cols)  
33: (272 33497  seqs)(1245.04)(25 cols)  
34: (22 33747  seqs)(647.283)(25 cols)  
35: (684 33085  seqs)(2017.38)(25 cols)  
36: (1516 32253  seqs)(-3607.71)(25 cols) x
37: (643 873  seqs)(1294.46)(25 cols)  
38: (265 1251  seqs)(-413.731)(25 cols) x
39: (710 33059  seqs)(2918.12)(25 cols)  
40: (686 33083  seqs)(2383.67)(25 cols)  
41: (1068 32701  seqs)(5976.23)(25 cols)  
42: (1063 32706  seqs)(11003)(25 cols)  
43: (835 32934  seqs)(2257.93)(25 cols)  
44: (404 33365  seqs)(3686)(25 cols)  
45: (46 33723  seqs)(60.3616)(25 cols)  
46: (29 33740  seqs)(68.5571)(25 cols)  
47: (106 33663  seqs)(320.495)(25 cols)  
48: (112 33657  seqs)(330.892)(25 cols)  
49: (97 33672  seqs)(-25.3424)(25 cols) x
50: (19 33750  seqs)(8.98455)(25 cols)  
 ====== Total LLR = 216750.4757 (300.0 K) (4/50 failed) ======


HyperPartition:
 ----+----|----+----|----+----|----+----|----+----|
  1: +-oooooooo------ooooooooo--ooooo----oo------------ 1.TK {4507}  
  2: ++---ooooo------ooooooooo--ooooo----oo------------ 2.FPVR_TK {338}  
  3: +++--ooooo------ooooooooo--ooooo----oo------------ 3.Ret_TK (334)  
  4: ++-+-ooooo------ooooooooo--ooooo----oo------------ 4.FGFR_TK (1063)  
  5: ++--+-----------ooooooooo--ooooo----oo------------ 5.PVR_TK {101}  
  6: ++--++----------ooooooooo--ooooo----oo------------ 6.VEGFR_TK (979)  
  7: ++--+-+---------ooooooooo--ooooo----oo------------ 7.PDGFR_TK (479)  
  8: ++--+--+--------ooooooooo--ooooo----oo------------ 8.Kit_TK (369)  
  9: ++--+---+-------ooooooooo--ooooo----oo------------ 9.CSF1R_TK (362)  
 10: ++--+----+------ooooooooo--ooooo----oo------------ 10.Flt3_TK (317)  
 11: +-oooooooo+-----ooooooooo--ooooo----oo------------ 11.Tie_TK (253)  
 12: +-oooooooo-+----ooooooooo--ooooo----oo------------ 12.EGFR_TK (1007)  
 13: +-oooooooo--+---ooooooooo--ooooo----oo------------ 13.Axl_TK (624)  
 14: +-oooooooo---+--ooooooooo--ooooo----oo------------ 14.Met_TK (606)  
 15: +-oooooooo----+-ooooooooo--ooooo----oo------------ 15.Ryk_TK (520)  
 16: +-oooooooo-----+-----------ooooo----oo------------ 16.InsRL_TK {573}  
 17: +-oooooooo-----++----------ooooo----oo------------ 17.Ror_TK (759)  
 18: +-oooooooo-----+-+---------ooooo----oo------------ 18.Trk_TK (649)  
 19: +-oooooooo-----+--+--------ooooo----oo------------ 19.Musk_TK (394)  
 20: +-oooooooo-----+---+-------ooooo----oo------------ 20.DDR_TK (921)  
 21: +-oooooooo-----+----+------ooooo----oo------------ 21.InsR_TK (984)  
 22: +-oooooooo-----+-----+-----ooooo----oo------------ 22.Sev_TK (439)  
 23: +-oooooooo-----+------+----ooooo----oo------------ 23.ALK_TK (593)  
 24: +-oooooooo-----+-------+---ooooo----oo------------ 24.CCK4_TK (430)  
 25: +-oooooooo-----+--------+--ooooo----oo------------ 25.Lmr_TK (698)  
 26: +-oooooooo------ooooooooo+-ooooo----oo------------ 26.Eph_TK (2906)  
 27: +-oooooooo------ooooooooo-+---------oo------------ 27.SrcM_TK {420}  
 28: +-oooooooo------ooooooooo-++--------oo------------ 28.SrcA_Src_TK (829)  
 29: +-oooooooo------ooooooooo-+-+-------oo------------ 29.SrcB_Src_TK (921)  
 30: +-oooooooo------ooooooooo-+--+------oo------------ 30.Frk_Src_TK (457)  
 31: +-oooooooo------ooooooooo-+---+-----oo------------ 31.Tec_TK (1362)  
 32: +-oooooooo------ooooooooo-+----+----oo------------ 32.Abl_TK (388)  
 33: +-oooooooo------ooooooooo--ooooo+---oo------------ 33.SRM_Src_TK (307)  
 34: +-oooooooo------ooooooooo--ooooo-+--oo------------ 34.Src-Aque1_Src_TK (22)  
 35: +-oooooooo------ooooooooo--ooooo--+-oo------------ 35.Csk_TK (690)  
 36: +-oooooooo------ooooooooo--ooooo---+-------------- 36.Fer_TK {530}  
 37: +-oooooooo------ooooooooo--ooooo---++------------- 37.other-Fer_TK (620)  
 38: +-oooooooo------ooooooooo--ooooo---+-+------------ 38.nematode-Fer_TK (310)  
 39: +-oooooooo------ooooooooo--ooooo----oo+----------- 39.FAK_TK (715)  
 40: +-oooooooo------ooooooooo--ooooo----oo-+---------- 40.Syk_TK (639)  
 41: +-oooooooo------ooooooooo--ooooo----oo--+--------- 41.Jak_TK (1062)  
 42: +-oooooooo------ooooooooo--ooooo----oo---+-------- 42.JakB_TK (1063)  
 43: +-oooooooo------ooooooooo--ooooo----oo----+------- 43.Ack_TK (844)  
 44: +-oooooooo------ooooooooo--ooooo----oo-----+------ 44.STYK1_TK (407)  
 45: +-oooooooo------ooooooooo--ooooo----oo------+----- 45.TK-Sp1_TK (62)  
 46: +-oooooooo------ooooooooo--ooooo----oo-------+---- 46.HMTK_TK (28)  
 47: +-oooooooo------ooooooooo--ooooo----oo--------+--- 47.KIN16_TK (109)  
 48: +-oooooooo------ooooooooo--ooooo----oo---------+-- 48.KIN6_TK (108)  
 49: +-oooooooo------ooooooooo--ooooo----oo----------+- 49.REF_TK (544)  
 50: +-oooooooo------ooooooooo--ooooo----oo-----------+ 50.RTKC_TK (17)  
 51: -ooooooooooooooooooooooooooooooooooooooooooooooooo Rejected (110)
 ----+----|----+----|----+----|----+----|----+----|

 Column LPRs:
 1: (33659 11367  seqs)(139485)(25 cols)  
 2: (4342 29317  seqs)(9573.67)(25 cols)  
 3: (334 4008  seqs)(1367.47)(25 cols)  
 4: (1063 3279  seqs)(2208.94)(25 cols)  
 5: (2607 1735  seqs)(2342.86)(25 cols)  
 6: (979 1628  seqs)(1670.8)(25 cols)  
 7: (479 2128  seqs)(1297.49)(25 cols)  
 8: (369 2238  seqs)(809.015)(25 cols)  
 9: (362 2245  seqs)(574.751)(25 cols)  
10: (317 2290  seqs)(1020.53)(25 cols)  
11: (253 33406  seqs)(1849.74)(25 cols)  
12: (1007 32652  seqs)(5403.85)(25 cols)  
13: (624 33035  seqs)(3439.54)(25 cols)  
14: (606 33053  seqs)(2411.74)(25 cols)  
15: (520 33139  seqs)(6076.15)(25 cols)  
16: (6440 27219  seqs)(8092.68)(25 cols)  
17: (759 5681  seqs)(2696.77)(25 cols)  
18: (649 5791  seqs)(2408.15)(25 cols)  
19: (394 6046  seqs)(1715.93)(25 cols)  
20: (921 5519  seqs)(2632.53)(25 cols)  
21: (984 5456  seqs)(3354.99)(25 cols)  
22: (439 6001  seqs)(1279.77)(25 cols)  
23: (593 5847  seqs)(2879.6)(25 cols)  
24: (430 6010  seqs)(2551.2)(25 cols)  
25: (698 5742  seqs)(6240.39)(25 cols)  
26: (2906 30753  seqs)(8920.24)(25 cols)  
27: (4377 29282  seqs)(8930.53)(25 cols)  
28: (829 3548  seqs)(1756.33)(25 cols)  
29: (921 3456  seqs)(1699.99)(25 cols)  
30: (457 3920  seqs)(664.396)(25 cols)  
31: (1362 3015  seqs)(3038.85)(25 cols)  
32: (388 3989  seqs)(1570.63)(25 cols)  
33: (307 33352  seqs)(1650.15)(25 cols)  
34: (22 33637  seqs)(727.332)(25 cols)  
35: (690 32969  seqs)(2468.86)(25 cols)  
36: (1460 32199  seqs)(2431.63)(25 cols)  
37: (620 840  seqs)(1641.24)(25 cols)  
38: (310 1150  seqs)(254.767)(25 cols)  
39: (715 32944  seqs)(3270.76)(25 cols)  
40: (639 33020  seqs)(3153.19)(25 cols)  
41: (1062 32597  seqs)(6577.04)(25 cols)  
42: (1063 32596  seqs)(12571.8)(25 cols)  
43: (844 32815  seqs)(3116.3)(25 cols)  
44: (407 33252  seqs)(4245.29)(25 cols)  
45: (62 33597  seqs)(328.712)(25 cols)  
46: (28 33631  seqs)(191.312)(25 cols)  
47: (109 33550  seqs)(635.405)(25 cols)  
48: (108 33551  seqs)(479.686)(25 cols)  
49: (544 33115  seqs)(600.08)(25 cols)  
50: (17 33642  seqs)(119.447)(25 cols)  
 ====== Total LLR = 284427.3409 (60.0 K) (0/50 failed) ======


HyperPartition:
 ----+----|----+----|----+----|----+----|----+----|
  1: +-oooooooo------ooooooooo--ooooo----oo------------ 1.TK {4560}  
  2: ++---ooooo------ooooooooo--ooooo----oo------------ 2.FPVR_TK {381}  
  3: +++--ooooo------ooooooooo--ooooo----oo------------ 3.Ret_TK (335)  
  4: ++-+-ooooo------ooooooooo--ooooo----oo------------ 4.FGFR_TK (1065)  
  5: ++--+-----------ooooooooo--ooooo----oo------------ 5.PVR_TK {12}  
  6: ++--++----------ooooooooo--ooooo----oo------------ 6.VEGFR_TK (980)  
  7: ++--+-+---------ooooooooo--ooooo----oo------------ 7.PDGFR_TK (481)  
  8: ++--+--+--------ooooooooo--ooooo----oo------------ 8.Kit_TK (386)  
  9: ++--+---+-------ooooooooo--ooooo----oo------------ 9.CSF1R_TK (393)  
 10: ++--+----+------ooooooooo--ooooo----oo------------ 10.Flt3_TK (329)  
 11: +-oooooooo+-----ooooooooo--ooooo----oo------------ 11.Tie_TK (253)  
 12: +-oooooooo-+----ooooooooo--ooooo----oo------------ 12.EGFR_TK (1006)  
 13: +-oooooooo--+---ooooooooo--ooooo----oo------------ 13.Axl_TK (622)  
 14: +-oooooooo---+--ooooooooo--ooooo----oo------------ 14.Met_TK (606)  
 15: +-oooooooo----+-ooooooooo--ooooo----oo------------ 15.Ryk_TK (520)  
 16: +-oooooooo-----+-----------ooooo----oo------------ 16.InsRL_TK {478}  
 17: +-oooooooo-----++----------ooooo----oo------------ 17.Ror_TK (758)  
 18: +-oooooooo-----+-+---------ooooo----oo------------ 18.Trk_TK (649)  
 19: +-oooooooo-----+--+--------ooooo----oo------------ 19.Musk_TK (394)  
 20: +-oooooooo-----+---+-------ooooo----oo------------ 20.DDR_TK (920)  
 21: +-oooooooo-----+----+------ooooo----oo------------ 21.InsR_TK (985)  
 22: +-oooooooo-----+-----+-----ooooo----oo------------ 22.Sev_TK (454)  
 23: +-oooooooo-----+------+----ooooo----oo------------ 23.ALK_TK (593)  
 24: +-oooooooo-----+-------+---ooooo----oo------------ 24.CCK4_TK (430)  
 25: +-oooooooo-----+--------+--ooooo----oo------------ 25.Lmr_TK (695)  
 26: +-oooooooo------ooooooooo+-ooooo----oo------------ 26.Eph_TK (2906)  
 27: +-oooooooo------ooooooooo-+---------oo------------ 27.SrcM_TK {305}  
 28: +-oooooooo------ooooooooo-++--------oo------------ 28.SrcA_Src_TK (836)  
 29: +-oooooooo------ooooooooo-+-+-------oo------------ 29.SrcB_Src_TK (956)  
 30: +-oooooooo------ooooooooo-+--+------oo------------ 30.Frk_Src_TK (474)  
 31: +-oooooooo------ooooooooo-+---+-----oo------------ 31.Tec_TK (1362)  
 32: +-oooooooo------ooooooooo-+----+----oo------------ 32.Abl_TK (390)  
 33: +-oooooooo------ooooooooo--ooooo+---oo------------ 33.SRM_Src_TK (304)  
 34: +-oooooooo------ooooooooo--ooooo-+--oo------------ 34.Src-Aque1_Src_TK (22)  
 35: +-oooooooo------ooooooooo--ooooo--+-oo------------ 35.Csk_TK (692)  
 36: +-oooooooo------ooooooooo--ooooo---+-------------- 36.Fer_TK {406}  
 37: +-oooooooo------ooooooooo--ooooo---++------------- 37.other-Fer_TK (625)  
 38: +-oooooooo------ooooooooo--ooooo---+-+------------ 38.nematode-Fer_TK (321)  
 39: +-oooooooo------ooooooooo--ooooo----oo+----------- 39.FAK_TK (715)  
 40: +-oooooooo------ooooooooo--ooooo----oo-+---------- 40.Syk_TK (638)  
 41: +-oooooooo------ooooooooo--ooooo----oo--+--------- 41.Jak_TK (1063)  
 42: +-oooooooo------ooooooooo--ooooo----oo---+-------- 42.JakB_TK (1063)  
 43: +-oooooooo------ooooooooo--ooooo----oo----+------- 43.Ack_TK (845)  
 44: +-oooooooo------ooooooooo--ooooo----oo-----+------ 44.STYK1_TK (407)  
 45: +-oooooooo------ooooooooo--ooooo----oo------+----- 45.TK-Sp1_TK (61)  
 46: +-oooooooo------ooooooooo--ooooo----oo-------+---- 46.HMTK_TK (28)  
 47: +-oooooooo------ooooooooo--ooooo----oo--------+--- 47.KIN16_TK (112)  
 48: +-oooooooo------ooooooooo--ooooo----oo---------+-- 48.KIN6_TK (106)  
 49: +-oooooooo------ooooooooo--ooooo----oo----------+- 49.REF_TK (721)  
 50: +-oooooooo------ooooooooo--ooooo----oo-----------+ 50.RTKC_TK (16)  
 51: -ooooooooooooooooooooooooooooooooooooooooooooooooo Rejected (110)
 ----+----|----+----|----+----|----+----|----+----|

 Column LPRs:
 1: (33659 11367  seqs)(139585)(25 cols)  
 2: (4362 29297  seqs)(9710.75)(25 cols)  
 3: (335 4027  seqs)(1398.31)(25 cols)  
 4: (1065 3297  seqs)(2250.66)(25 cols)  
 5: (2581 1781  seqs)(2323.46)(25 cols)  
 6: (980 1601  seqs)(1734.53)(25 cols)  
 7: (481 2100  seqs)(1318.84)(25 cols)  
 8: (386 2195  seqs)(847.416)(25 cols)  
 9: (393 2188  seqs)(644.595)(25 cols)  
10: (329 2252  seqs)(1034.08)(25 cols)  
11: (253 33406  seqs)(1849.44)(25 cols)  
12: (1006 32653  seqs)(5407.67)(25 cols)  
13: (622 33037  seqs)(3451.65)(25 cols)  
14: (606 33053  seqs)(2411.07)(25 cols)  
15: (520 33139  seqs)(6077.17)(25 cols)  
16: (6356 27303  seqs)(8104.67)(25 cols)  
17: (758 5598  seqs)(2684.7)(25 cols)  
18: (649 5707  seqs)(2417.24)(25 cols)  
19: (394 5962  seqs)(1722.97)(25 cols)  
20: (920 5436  seqs)(2719.32)(25 cols)  
21: (985 5371  seqs)(3367.78)(25 cols)  
22: (454 5902  seqs)(1341.26)(25 cols)  
23: (593 5763  seqs)(2896.19)(25 cols)  
24: (430 5926  seqs)(2647.95)(25 cols)  
25: (695 5661  seqs)(6300.53)(25 cols)  
26: (2906 30753  seqs)(8919.43)(25 cols)  
27: (4323 29336  seqs)(9068.57)(25 cols)  
28: (836 3487  seqs)(1757.38)(25 cols)  
29: (956 3367  seqs)(1775.89)(25 cols)  
30: (474 3849  seqs)(727.517)(25 cols)  
31: (1362 2961  seqs)(3054.46)(25 cols)  
32: (390 3933  seqs)(1586.22)(25 cols)  
33: (304 33355  seqs)(1691.4)(25 cols)  
34: (22 33637  seqs)(727.666)(25 cols)  
35: (692 32967  seqs)(2486.6)(25 cols)  
36: (1352 32307  seqs)(2698.86)(25 cols)  
37: (625 727  seqs)(1665.56)(25 cols)  
38: (321 1031  seqs)(261.399)(25 cols)  
39: (715 32944  seqs)(3270.83)(25 cols)  
40: (638 33021  seqs)(3152.71)(25 cols)  
41: (1063 32596  seqs)(6580.45)(25 cols)  
42: (1063 32596  seqs)(12595.6)(25 cols)  
43: (845 32814  seqs)(3124.8)(25 cols)  
44: (407 33252  seqs)(4248.99)(25 cols)  
45: (61 33598  seqs)(332.087)(25 cols)  
46: (28 33631  seqs)(191.382)(25 cols)  
47: (112 33547  seqs)(651.522)(25 cols)  
48: (106 33553  seqs)(488.806)(25 cols)  
49: (721 32938  seqs)(872.274)(25 cols)  
50: (16 33643  seqs)(120.999)(25 cols)  
 ====== Total LLR = 286298.6176 (0.0 K) (0/50 failed) ======


HyperPartition:
 ----+----|----+----|----+----|----+----|----+----|
  1: +-oooooooo------ooooooooo--ooooo----oo------------ 1.TK {4596}  
  2: ++---ooooo------ooooooooo--ooooo----oo------------ 2.FPVR_TK {386}  
  3: +++--ooooo------ooooooooo--ooooo----oo------------ 3.Ret_TK (335)  
  4: ++-+-ooooo------ooooooooo--ooooo----oo------------ 4.FGFR_TK (1065)  
  5: ++--+-----------ooooooooo--ooooo----oo------------ 5.PVR_TK {5}  
  6: ++--++----------ooooooooo--ooooo----oo------------ 6.VEGFR_TK (980)  
  7: ++--+-+---------ooooooooo--ooooo----oo------------ 7.PDGFR_TK (481)  
  8: ++--+--+--------ooooooooo--ooooo----oo------------ 8.Kit_TK (386)  
  9: ++--+---+-------ooooooooo--ooooo----oo------------ 9.CSF1R_TK (396)  
 10: ++--+----+------ooooooooo--ooooo----oo------------ 10.Flt3_TK (329)  
 11: +-oooooooo+-----ooooooooo--ooooo----oo------------ 11.Tie_TK (253)  
 12: +-oooooooo-+----ooooooooo--ooooo----oo------------ 12.EGFR_TK (1006)  
 13: +-oooooooo--+---ooooooooo--ooooo----oo------------ 13.Axl_TK (622)  
 14: +-oooooooo---+--ooooooooo--ooooo----oo------------ 14.Met_TK (606)  
 15: +-oooooooo----+-ooooooooo--ooooo----oo------------ 15.Ryk_TK (520)  
 16: +-oooooooo-----+-----------ooooo----oo------------ 16.InsRL_TK {457}  
 17: +-oooooooo-----++----------ooooo----oo------------ 17.Ror_TK (758)  
 18: +-oooooooo-----+-+---------ooooo----oo------------ 18.Trk_TK (649)  
 19: +-oooooooo-----+--+--------ooooo----oo------------ 19.Musk_TK (394)  
 20: +-oooooooo-----+---+-------ooooo----oo------------ 20.DDR_TK (921)  
 21: +-oooooooo-----+----+------ooooo----oo------------ 21.InsR_TK (985)  
 22: +-oooooooo-----+-----+-----ooooo----oo------------ 22.Sev_TK (454)  
 23: +-oooooooo-----+------+----ooooo----oo------------ 23.ALK_TK (593)  
 24: +-oooooooo-----+-------+---ooooo----oo------------ 24.CCK4_TK (429)  
 25: +-oooooooo-----+--------+--ooooo----oo------------ 25.Lmr_TK (695)  
 26: +-oooooooo------ooooooooo+-ooooo----oo------------ 26.Eph_TK (2906)  
 27: +-oooooooo------ooooooooo-+---------oo------------ 27.SrcM_TK {289}  
 28: +-oooooooo------ooooooooo-++--------oo------------ 28.SrcA_Src_TK (836)  
 29: +-oooooooo------ooooooooo-+-+-------oo------------ 29.SrcB_Src_TK (956)  
 30: +-oooooooo------ooooooooo-+--+------oo------------ 30.Frk_Src_TK (484)  
 31: +-oooooooo------ooooooooo-+---+-----oo------------ 31.Tec_TK (1362)  
 32: +-oooooooo------ooooooooo-+----+----oo------------ 32.Abl_TK (389)  
 33: +-oooooooo------ooooooooo--ooooo+---oo------------ 33.SRM_Src_TK (304)  
 34: +-oooooooo------ooooooooo--ooooo-+--oo------------ 34.Src-Aque1_Src_TK (22)  
 35: +-oooooooo------ooooooooo--ooooo--+-oo------------ 35.Csk_TK (693)  
 36: +-oooooooo------ooooooooo--ooooo---+-------------- 36.Fer_TK {397}  
 37: +-oooooooo------ooooooooo--ooooo---++------------- 37.other-Fer_TK (625)  
 38: +-oooooooo------ooooooooo--ooooo---+-+------------ 38.nematode-Fer_TK (323)  
 39: +-oooooooo------ooooooooo--ooooo----oo+----------- 39.FAK_TK (715)  
 40: +-oooooooo------ooooooooo--ooooo----oo-+---------- 40.Syk_TK (638)  
 41: +-oooooooo------ooooooooo--ooooo----oo--+--------- 41.Jak_TK (1063)  
 42: +-oooooooo------ooooooooo--ooooo----oo---+-------- 42.JakB_TK (1063)  
 43: +-oooooooo------ooooooooo--ooooo----oo----+------- 43.Ack_TK (845)  
 44: +-oooooooo------ooooooooo--ooooo----oo-----+------ 44.STYK1_TK (407)  
 45: +-oooooooo------ooooooooo--ooooo----oo------+----- 45.TK-Sp1_TK (61)  
 46: +-oooooooo------ooooooooo--ooooo----oo-------+---- 46.HMTK_TK (28)  
 47: +-oooooooo------ooooooooo--ooooo----oo--------+--- 47.KIN16_TK (112)  
 48: +-oooooooo------ooooooooo--ooooo----oo---------+-- 48.KIN6_TK (105)  
 49: +-oooooooo------ooooooooo--ooooo----oo----------+- 49.REF_TK (720)  
 50: +-oooooooo------ooooooooo--ooooo----oo-----------+ 50.RTKC_TK (16)  
 51: -ooooooooooooooooooooooooooooooooooooooooooooooooo Rejected (109)
 ----+----|----+----|----+----|----+----|----+----|

 Column LPRs:
 1: (33660 11366  seqs)(139586)(25 cols)  
 2: (4363 29297  seqs)(9707.28)(25 cols)  
 3: (335 4028  seqs)(1401.18)(25 cols)  
 4: (1065 3298  seqs)(2257.41)(25 cols)  
 5: (2577 1786  seqs)(2315.25)(25 cols)  
 6: (980 1597  seqs)(1736)(25 cols)  
 7: (481 2096  seqs)(1324.46)(25 cols)  
 8: (386 2191  seqs)(848.395)(25 cols)  
 9: (396 2181  seqs)(663.653)(25 cols)  
10: (329 2248  seqs)(1035.24)(25 cols)  
11: (253 33407  seqs)(1849.51)(25 cols)  
12: (1006 32654  seqs)(5407.24)(25 cols)  
13: (622 33038  seqs)(3451.4)(25 cols)  
14: (606 33054  seqs)(2411.08)(25 cols)  
15: (520 33140  seqs)(6077.38)(25 cols)  
16: (6335 27325  seqs)(8074.02)(25 cols)  
17: (758 5577  seqs)(2687.02)(25 cols)  
18: (649 5686  seqs)(2416.22)(25 cols)  
19: (394 5941  seqs)(1724.93)(25 cols)  
20: (921 5414  seqs)(2749.83)(25 cols)  
21: (985 5350  seqs)(3367.69)(25 cols)  
22: (454 5881  seqs)(1343.13)(25 cols)  
23: (593 5742  seqs)(2901.28)(25 cols)  
24: (429 5906  seqs)(2663.55)(25 cols)  
25: (695 5640  seqs)(6287.47)(25 cols)  
26: (2906 30754  seqs)(8919.46)(25 cols)  
27: (4316 29344  seqs)(9067.91)(25 cols)  
28: (836 3480  seqs)(1752.27)(25 cols)  
29: (956 3360  seqs)(1794.5)(25 cols)  
30: (484 3832  seqs)(736.077)(25 cols)  
31: (1362 2954  seqs)(3046.64)(25 cols)  
32: (389 3927  seqs)(1586.28)(25 cols)  
33: (304 33356  seqs)(1691.26)(25 cols)  
34: (22 33638  seqs)(727.701)(25 cols)  
35: (693 32967  seqs)(2487.33)(25 cols)  
36: (1345 32315  seqs)(2665.76)(25 cols)  
37: (625 720  seqs)(1671.95)(25 cols)  
38: (323 1022  seqs)(269.096)(25 cols)  
39: (715 32945  seqs)(3270.81)(25 cols)  
40: (638 33022  seqs)(3152.68)(25 cols)  
41: (1063 32597  seqs)(6579.18)(25 cols)  
42: (1063 32597  seqs)(12596.6)(25 cols)  
43: (845 32815  seqs)(3124.65)(25 cols)  
44: (407 33253  seqs)(4248.98)(25 cols)  
45: (61 33599  seqs)(332.109)(25 cols)  
46: (28 33632  seqs)(191.404)(25 cols)  
47: (112 33548  seqs)(651.631)(25 cols)  
48: (105 33555  seqs)(485.102)(25 cols)  
49: (720 32940  seqs)(875.204)(25 cols)  
50: (16 33644  seqs)(121.011)(25 cols)  
 ====== Total LLR = 286332.6187 (0.0 K) (0/50 failed) ======


HyperPartition:
 ----+----|----+----|----+----|----+----|----+----|
  1: +-oooooooo------ooooooooo--ooooo----oo------------ 1.TK {4596}  
  2: ++---ooooo------ooooooooo--ooooo----oo------------ 2.FPVR_TK {386}  
  3: +++--ooooo------ooooooooo--ooooo----oo------------ 3.Ret_TK (335)  
  4: ++-+-ooooo------ooooooooo--ooooo----oo------------ 4.FGFR_TK (1065)  
  5: ++--+-----------ooooooooo--ooooo----oo------------ 5.PVR_TK {5}  
  6: ++--++----------ooooooooo--ooooo----oo------------ 6.VEGFR_TK (980)  
  7: ++--+-+---------ooooooooo--ooooo----oo------------ 7.PDGFR_TK (481)  
  8: ++--+--+--------ooooooooo--ooooo----oo------------ 8.Kit_TK (386)  
  9: ++--+---+-------ooooooooo--ooooo----oo------------ 9.CSF1R_TK (396)  
 10: ++--+----+------ooooooooo--ooooo----oo------------ 10.Flt3_TK (329)  
 11: +-oooooooo+-----ooooooooo--ooooo----oo------------ 11.Tie_TK (253)  
 12: +-oooooooo-+----ooooooooo--ooooo----oo------------ 12.EGFR_TK (1006)  
 13: +-oooooooo--+---ooooooooo--ooooo----oo------------ 13.Axl_TK (622)  
 14: +-oooooooo---+--ooooooooo--ooooo----oo------------ 14.Met_TK (606)  
 15: +-oooooooo----+-ooooooooo--ooooo----oo------------ 15.Ryk_TK (520)  
 16: +-oooooooo-----+-----------ooooo----oo------------ 16.InsRL_TK {457}  
 17: +-oooooooo-----++----------ooooo----oo------------ 17.Ror_TK (758)  
 18: +-oooooooo-----+-+---------ooooo----oo------------ 18.Trk_TK (649)  
 19: +-oooooooo-----+--+--------ooooo----oo------------ 19.Musk_TK (394)  
 20: +-oooooooo-----+---+-------ooooo----oo------------ 20.DDR_TK (921)  
 21: +-oooooooo-----+----+------ooooo----oo------------ 21.InsR_TK (985)  
 22: +-oooooooo-----+-----+-----ooooo----oo------------ 22.Sev_TK (454)  
 23: +-oooooooo-----+------+----ooooo----oo------------ 23.ALK_TK (593)  
 24: +-oooooooo-----+-------+---ooooo----oo------------ 24.CCK4_TK (429)  
 25: +-oooooooo-----+--------+--ooooo----oo------------ 25.Lmr_TK (695)  
 26: +-oooooooo------ooooooooo+-ooooo----oo------------ 26.Eph_TK (2906)  
 27: +-oooooooo------ooooooooo-+---------oo------------ 27.SrcM_TK {289}  
 28: +-oooooooo------ooooooooo-++--------oo------------ 28.SrcA_Src_TK (836)  
 29: +-oooooooo------ooooooooo-+-+-------oo------------ 29.SrcB_Src_TK (956)  
 30: +-oooooooo------ooooooooo-+--+------oo------------ 30.Frk_Src_TK (484)  
 31: +-oooooooo------ooooooooo-+---+-----oo------------ 31.Tec_TK (1362)  
 32: +-oooooooo------ooooooooo-+----+----oo------------ 32.Abl_TK (389)  
 33: +-oooooooo------ooooooooo--ooooo+---oo------------ 33.SRM_Src_TK (304)  
 34: +-oooooooo------ooooooooo--ooooo-+--oo------------ 34.Src-Aque1_Src_TK (22)  
 35: +-oooooooo------ooooooooo--ooooo--+-oo------------ 35.Csk_TK (693)  
 36: +-oooooooo------ooooooooo--ooooo---+-------------- 36.Fer_TK {397}  
 37: +-oooooooo------ooooooooo--ooooo---++------------- 37.other-Fer_TK (625)  
 38: +-oooooooo------ooooooooo--ooooo---+-+------------ 38.nematode-Fer_TK (323)  
 39: +-oooooooo------ooooooooo--ooooo----oo+----------- 39.FAK_TK (715)  
 40: +-oooooooo------ooooooooo--ooooo----oo-+---------- 40.Syk_TK (638)  
 41: +-oooooooo------ooooooooo--ooooo----oo--+--------- 41.Jak_TK (1063)  
 42: +-oooooooo------ooooooooo--ooooo----oo---+-------- 42.JakB_TK (1063)  
 43: +-oooooooo------ooooooooo--ooooo----oo----+------- 43.Ack_TK (845)  
 44: +-oooooooo------ooooooooo--ooooo----oo-----+------ 44.STYK1_TK (407)  
 45: +-oooooooo------ooooooooo--ooooo----oo------+----- 45.TK-Sp1_TK (61)  
 46: +-oooooooo------ooooooooo--ooooo----oo-------+---- 46.HMTK_TK (28)  
 47: +-oooooooo------ooooooooo--ooooo----oo--------+--- 47.KIN16_TK (112)  
 48: +-oooooooo------ooooooooo--ooooo----oo---------+-- 48.KIN6_TK (105)  
 49: +-oooooooo------ooooooooo--ooooo----oo----------+- 49.REF_TK (720)  
 50: +-oooooooo------ooooooooo--ooooo----oo-----------+ 50.RTKC_TK (16)  
 51: -ooooooooooooooooooooooooooooooooooooooooooooooooo Rejected (109)
 ----+----|----+----|----+----|----+----|----+----|

 Column LPRs:
 1: (33660 11366  seqs)(139586)(25 cols)  
 2: (4363 29297  seqs)(9707.28)(25 cols)  
 3: (335 4028  seqs)(1401.18)(25 cols)  
 4: (1065 3298  seqs)(2257.41)(25 cols)  
 5: (2577 1786  seqs)(2315.25)(25 cols)  
 6: (980 1597  seqs)(1736)(25 cols)  
 7: (481 2096  seqs)(1324.46)(25 cols)  
 8: (386 2191  seqs)(848.395)(25 cols)  
 9: (396 2181  seqs)(663.653)(25 cols)  
10: (329 2248  seqs)(1035.24)(25 cols)  
11: (253 33407  seqs)(1849.51)(25 cols)  
12: (1006 32654  seqs)(5407.24)(25 cols)  
13: (622 33038  seqs)(3451.4)(25 cols)  
14: (606 33054  seqs)(2411.08)(25 cols)  
15: (520 33140  seqs)(6077.38)(25 cols)  
16: (6335 27325  seqs)(8074.02)(25 cols)  
17: (758 5577  seqs)(2687.02)(25 cols)  
18: (649 5686  seqs)(2416.22)(25 cols)  
19: (394 5941  seqs)(1724.93)(25 cols)  
20: (921 5414  seqs)(2749.83)(25 cols)  
21: (985 5350  seqs)(3367.69)(25 cols)  
22: (454 5881  seqs)(1343.13)(25 cols)  
23: (593 5742  seqs)(2901.28)(25 cols)  
24: (429 5906  seqs)(2663.55)(25 cols)  
25: (695 5640  seqs)(6287.47)(25 cols)  
26: (2906 30754  seqs)(8919.46)(25 cols)  
27: (4316 29344  seqs)(9067.91)(25 cols)  
28: (836 3480  seqs)(1752.27)(25 cols)  
29: (956 3360  seqs)(1794.5)(25 cols)  
30: (484 3832  seqs)(736.077)(25 cols)  
31: (1362 2954  seqs)(3046.64)(25 cols)  
32: (389 3927  seqs)(1586.28)(25 cols)  
33: (304 33356  seqs)(1691.26)(25 cols)  
34: (22 33638  seqs)(727.701)(25 cols)  
35: (693 32967  seqs)(2487.33)(25 cols)  
36: (1345 32315  seqs)(2665.76)(25 cols)  
37: (625 720  seqs)(1671.95)(25 cols)  
38: (323 1022  seqs)(269.096)(25 cols)  
39: (715 32945  seqs)(3270.81)(25 cols)  
40: (638 33022  seqs)(3152.68)(25 cols)  
41: (1063 32597  seqs)(6579.18)(25 cols)  
42: (1063 32597  seqs)(12596.6)(25 cols)  
43: (845 32815  seqs)(3124.65)(25 cols)  
44: (407 33253  seqs)(4248.98)(25 cols)  
45: (61 33599  seqs)(332.109)(25 cols)  
46: (28 33632  seqs)(191.404)(25 cols)  
47: (112 33548  seqs)(651.631)(25 cols)  
48: (105 33555  seqs)(485.102)(25 cols)  
49: (720 32940  seqs)(875.204)(25 cols)  
50: (16 33644  seqs)(121.011)(25 cols)  
 ====== Total LLR = 286332.6187 (0.0 K) (0/50 failed) ======

